[23:23:20] [main/INFO]: Loading Minecraft 1.21 with Fabric Loader 0.16.3
[23:23:20] [ForkJoinPool-1-worker-1/WARN]: Mod travelersbackpack uses the version fabric-1.21-10.0.6 which isn't compatible with Loader's extended semantic version format (Could not parse version number component 'fabric'!), SemVer is recommended for reliably evaluating dependencies and prioritizing newer version
[23:23:20] [main/INFO]: Loading 67 mods:
	- cardinal-components 6.1.0
	   |-- cardinal-components-base 6.1.0
	   |-- cardinal-components-block 6.1.0
	   |-- cardinal-components-chunk 6.1.0
	   |-- cardinal-components-entity 6.1.0
	   |-- cardinal-components-item 6.1.0
	   |-- cardinal-components-level 6.1.0
	   |-- cardinal-components-scoreboard 6.1.0
	   \-- cardinal-components-world 6.1.0
	- carryon 2.2.1
	- cloth-config 15.0.128
	   \-- cloth-basic-math 0.6.1
	- clumps 18.0.0.1
	- entityculling 1.6.6
	- fabric-api 0.102.0+1.21
	   |-- fabric-api-base 0.4.42+6573ed8cd1
	   |-- fabric-api-lookup-api-v1 1.6.68+b5597344d1
	   |-- fabric-biome-api-v1 13.0.29+5bd9f1bcd1
	   |-- fabric-block-api-v1 1.0.22+0af3f5a7d1
	   |-- fabric-block-view-api-v2 1.0.10+6573ed8cd1
	   |-- fabric-blockrenderlayer-v1 1.1.52+0af3f5a7d1
	   |-- fabric-client-tags-api-v1 1.1.15+6573ed8cd1
	   |-- fabric-command-api-v1 1.2.49+f71b366fd1
	   |-- fabric-command-api-v2 2.2.28+6ced4dd9d1
	   |-- fabric-commands-v0 0.2.66+df3654b3d1
	   |-- fabric-content-registries-v0 8.0.16+b5597344d1
	   |-- fabric-convention-tags-v1 2.0.19+7f945d5bd1
	   |-- fabric-convention-tags-v2 2.5.0+c5e2b5c6d1
	   |-- fabric-crash-report-info-v1 0.2.29+0af3f5a7d1
	   |-- fabric-data-attachment-api-v1 1.1.27+6a6dfa19d1
	   |-- fabric-data-generation-api-v1 20.2.16+16c4ae25d1
	   |-- fabric-dimensions-v1 4.0.0+6fc22b99d1
	   |-- fabric-entity-events-v1 1.6.12+6fc22b99d1
	   |-- fabric-events-interaction-v0 0.7.12+ba9dae06d1
	   |-- fabric-game-rule-api-v1 1.0.53+6ced4dd9d1
	   |-- fabric-item-api-v1 11.0.0+afdfc921d1
	   |-- fabric-item-group-api-v1 4.1.4+78017270d1
	   |-- fabric-key-binding-api-v1 1.0.47+0af3f5a7d1
	   |-- fabric-keybindings-v0 0.2.45+df3654b3d1
	   |-- fabric-lifecycle-events-v1 2.3.12+6c1df360d1
	   |-- fabric-loot-api-v2 3.0.14+3f89f5a5d1
	   |-- fabric-loot-api-v3 1.0.2+3f89f5a5d1
	   |-- fabric-message-api-v1 6.0.13+6573ed8cd1
	   |-- fabric-model-loading-api-v1 2.0.0+fe474d6bd1
	   |-- fabric-networking-api-v1 4.2.2+60c3209bd1
	   |-- fabric-object-builder-api-v1 15.2.0+a551f7a4d1
	   |-- fabric-particles-v1 4.0.2+6573ed8cd1
	   |-- fabric-recipe-api-v1 5.0.12+65089712d1
	   |-- fabric-registry-sync-v0 5.1.2+60c3209bd1
	   |-- fabric-renderer-api-v1 3.4.0+c705a49cd1
	   |-- fabric-renderer-indigo 1.7.0+c705a49cd1
	   |-- fabric-renderer-registries-v1 3.2.68+df3654b3d1
	   |-- fabric-rendering-data-attachment-v1 0.3.48+73761d2ed1
	   |-- fabric-rendering-fluids-v1 3.1.6+b5597344d1
	   |-- fabric-rendering-v0 1.1.71+df3654b3d1
	   |-- fabric-rendering-v1 5.0.5+df16efd0d1
	   |-- fabric-resource-conditions-api-v1 4.3.0+8dc279b1d1
	   |-- fabric-resource-loader-v0 1.3.0+56599129d1
	   |-- fabric-screen-api-v1 2.0.24+b5597344d1
	   |-- fabric-screen-handler-api-v1 1.3.86+b5597344d1
	   |-- fabric-sound-api-v1 1.0.23+6573ed8cd1
	   |-- fabric-transfer-api-v1 5.1.16+3dccd343d1
	   \-- fabric-transitive-access-wideners-v1 6.1.0+176f9036d1
	- fabricloader 0.16.3
	   \-- mixinextras 0.4.1
	- ferritecore 7.0.0
	- gpumemleakfix 1.21-1.8
	- jade 15.1.4+fabric
	- java 21
	- jei 19.8.2.99
	- journeymap 1.21-6.0.0-beta.16
	   |-- ar_com_hjg_pngj 2.1.0
	   |-- commonnetworking 1.0.11-1.21
	   \-- journeymap-api-fabric 2.0.0-1.21-SNAPSHOT
	- lithium 0.12.7
	- minecraft 1.21
	- modernfix 5.18.8+mc1.21
	- placeholder-api 2.4.1+1.21
	- travelersbackpack fabric-1.21-10.0.6
[23:23:21] [main/INFO]: SpongePowered MIXIN Subsystem Version=0.8.7 Source=file:/workspaces/the-potato-minecraft-msx/servidor_minecraft/libraries/net/fabricmc/sponge-mixin/0.15.2+mixin.0.8.7/sponge-mixin-0.15.2+mixin.0.8.7.jar Service=Knot/Fabric Env=SERVER
[23:23:21] [main/INFO]: Compatibility level set to JAVA_21
[23:23:21] [main/WARN]: Reference map 'journeymap-refmap.json' for journeymap.mixins.json could not be read. If this is a development environment you can ignore this message
[23:23:21] [main/WARN]: Reference map 'journeymap-refmap.json' for journeymap.fabric.mixins.json could not be read. If this is a development environment you can ignore this message
[23:23:21] [main/INFO]: Loaded configuration file for Lithium: 138 options available, 1 override(s) found
[23:23:22] [main/INFO]: Loaded configuration file for ModernFix 5.18.8+mc1.21: 53 options available, 0 override(s) found
[23:23:22] [main/INFO]: Applying Nashorn fix
[23:23:22] [main/WARN]: Force-disabling mixin 'alloc.blockstate.StateMixin' as rule 'mixin.alloc.blockstate' (added by mods [ferritecore]) disables it and children
[23:23:22] [main/INFO]: Initializing MixinExtras via com.llamalad7.mixinextras.service.MixinExtrasServiceImpl(version=0.4.1).
[23:23:26] [main/INFO]: Injecting BlockStateBase cache population hook into lithium$getPathNodeType from me.jellysquid.mods.lithium.mixin.ai.pathing.AbstractBlockStateMixin
[23:23:26] [main/INFO]: Injecting BlockStateBase cache population hook into lithium$getAllFlags from me.jellysquid.mods.lithium.mixin.util.block_tracking.AbstractBlockStateMixin
[23:23:26] [main/INFO]: Injecting BlockStateBase cache population hook into lithium$getNeighborPathNodeType from me.jellysquid.mods.lithium.mixin.ai.pathing.AbstractBlockStateMixin
[23:23:27] [main/WARN]: Method overwrite conflict for method_21740 in modernfix-common.mixins.json:perf.remove_biome_temperature_cache.BiomeMixin from mod modernfix, previously written by me.jellysquid.mods.lithium.mixin.world.temperature_cache.BiomeMixin. Skipping method.
[23:23:31] [main/INFO]: Vanilla bootstrap took 7885 milliseconds
[23:23:32] [main/INFO]: Initializing ServerSide Packet Registries
[23:23:32] [main/INFO]: Registered the FluidEffect with Unique ID of minecraft:water for minecraft:water 81000 with the ID 0
[23:23:32] [main/INFO]: Registered the FluidEffect with Unique ID of minecraft:lava for minecraft:lava 81000 with the ID 1
[23:23:32] [main/INFO]: Registered the FluidEffect with Unique ID of travelersbackpack:potion for travelersbackpack:potion_still 27000 with the ID 2
[23:23:32] [main/INFO]: Registered the FluidEffect with Unique ID of travelersbackpack:milk for travelersbackpack:milk_still 81000 with the ID 3
[23:23:32] [main/INFO]: Environment: Environment[sessionHost=https://sessionserver.mojang.com, servicesHost=https://api.minecraftservices.com, name=PROD]
[23:23:34] [main/INFO]: No existing world data, creating new world
[23:23:35] [main/INFO]: Loaded 1415 recipes
[23:23:36] [main/INFO]: Loaded 1524 advancements
[23:23:36] [main/INFO]: Applied 0 biome modifications to 0 of 64 new biomes in 1.485 ms
[23:23:36] [Server thread/INFO]: Starting minecraft server version 1.21
[23:23:36] [Server thread/INFO]: Loading properties
[23:23:36] [Server thread/INFO]: Default game type: SURVIVAL
[23:23:36] [Server thread/INFO]: Generating keypair
[23:23:36] [Server thread/INFO]: Starting Minecraft server on *:25565
[23:23:36] [Server thread/INFO]: Using epoll channel type
[23:23:36] [Server thread/WARN]: **** SERVER IS RUNNING IN OFFLINE/INSECURE MODE!
[23:23:36] [Server thread/WARN]: The server will make no attempt to authenticate usernames. Beware.
[23:23:36] [Server thread/WARN]: While this makes the game possible to play without internet access, it also opens up the ability for hackers to connect with any username they choose.
[23:23:36] [Server thread/WARN]: To change this, set "online-mode" to "true" in the server.properties file.
[23:23:36] [Server thread/INFO]: Preparing level "world"
[23:23:37] [Server thread/WARN]: Method overwrite conflict for removeIf in modernfix-common.mixins.json:bugfix.paper_chunk_patches.SortedArraySetMixin from mod modernfix, previously written by me.jellysquid.mods.lithium.mixin.collections.chunk_tickets.SortedArraySetMixin. Skipping method.
[23:23:49] [Server thread/INFO]: Preparing start region for dimension minecraft:overworld
[23:23:49] [Worker-Main-1/INFO]: Preparing spawn area: 2%
[23:23:49] [Worker-Main-1/INFO]: Preparing spawn area: 2%
[23:23:50] [Worker-Main-1/INFO]: Preparing spawn area: 2%
[23:23:50] [Worker-Main-1/INFO]: Preparing spawn area: 2%
[23:23:51] [Worker-Main-1/INFO]: Preparing spawn area: 2%
[23:23:51] [Worker-Main-1/INFO]: Preparing spawn area: 2%
[23:23:52] [Worker-Main-1/INFO]: Preparing spawn area: 2%
[23:23:52] [Worker-Main-1/INFO]: Preparing spawn area: 2%
[23:23:53] [Worker-Main-1/INFO]: Preparing spawn area: 2%
[23:23:53] [Worker-Main-1/INFO]: Preparing spawn area: 2%
[23:23:54] [Worker-Main-1/INFO]: Preparing spawn area: 2%
[23:23:54] [Worker-Main-1/INFO]: Preparing spawn area: 2%
[23:23:55] [Worker-Main-1/INFO]: Preparing spawn area: 2%
[23:23:55] [Worker-Main-1/INFO]: Preparing spawn area: 2%
[23:23:56] [Worker-Main-1/INFO]: Preparing spawn area: 2%
[23:23:56] [Worker-Main-1/INFO]: Preparing spawn area: 2%
[23:23:57] [Worker-Main-1/INFO]: Preparing spawn area: 2%
[23:23:57] [Server thread/INFO]: Time elapsed: 8406 ms
[23:23:57] [Server thread/INFO]: Done (20.715s)! For help, type "help"
[23:23:57] [Server thread/WARN]: Dedicated server took 38.308 seconds to load
[23:23:57] [Server thread/INFO]: Start loading plugin from Jade: snownee.jade.addon.core.CorePlugin
[23:23:57] [Server thread/INFO]: Start loading plugin from Jade: snownee.jade.addon.vanilla.VanillaPlugin
[23:23:57] [Server thread/INFO]: Start loading plugin from Jade: snownee.jade.addon.universal.UniversalPlugin
[23:23:57] [Server thread/INFO]: Start loading plugin from Jade: snownee.jade.addon.debug.DebugPlugin
[23:23:57] [Server thread/INFO]: Loaded null for service interface journeymap.api.services.WebMapService
[23:23:57] [Server thread/INFO]: Loaded journeymap.common.helpers.FabricClientHooks@52d8e1b1 for service interface journeymap.api.services.ClientPlatformService
[23:23:57] [Server thread/INFO]: Loaded journeymap.common.helpers.FabricHooks@52150ddd for service interface journeymap.api.services.CommonPlatformService
[23:23:57] [Server thread/INFO]: global (FirstLoaded) Setting config file to version "6.0.0-beta.16": journeymap.server.global.config
[23:23:57] [Server thread/INFO]: global (Valid) Creating config file: journeymap/server/6.0/journeymap.server.global.config
[23:23:57] [Server thread/INFO]: default (FirstLoaded) Setting config file to version "6.0.0-beta.16": journeymap.server.default.config
[23:23:57] [Server thread/INFO]: default (Valid) Creating config file: journeymap/server/6.0/journeymap.server.default.config
[23:23:57] [Server thread/INFO]: minecraft~overworld (Initialized) Setting config file to version "6.0.0-beta.16": journeymap.server.minecraft~overworld.config
[23:23:57] [Server thread/INFO]: minecraft~overworld (Valid) Creating config file: journeymap/server/6.0/journeymap.server.minecraft~overworld.config
[23:23:57] [Server thread/INFO]: minecraft~the_end (Initialized) Setting config file to version "6.0.0-beta.16": journeymap.server.minecraft~the_end.config
[23:23:57] [Server thread/INFO]: minecraft~the_end (Valid) Creating config file: journeymap/server/6.0/journeymap.server.minecraft~the_end.config
[23:23:57] [Server thread/INFO]: minecraft~the_nether (Initialized) Setting config file to version "6.0.0-beta.16": journeymap.server.minecraft~the_nether.config
[23:23:57] [Server thread/INFO]: minecraft~the_nether (Valid) Creating config file: journeymap/server/6.0/journeymap.server.minecraft~the_nether.config
